[2024-01-08T09:20:00.604+0000] {taskinstance.py:1171} INFO - Dependencies all met for <TaskInstance: fetching_cleaning.Data_Cleaning manual__2024-01-08T09:19:57.535563+00:00 [queued]>
[2024-01-08T09:20:00.609+0000] {taskinstance.py:1171} INFO - Dependencies all met for <TaskInstance: fetching_cleaning.Data_Cleaning manual__2024-01-08T09:19:57.535563+00:00 [queued]>
[2024-01-08T09:20:00.609+0000] {taskinstance.py:1368} INFO - 
--------------------------------------------------------------------------------
[2024-01-08T09:20:00.609+0000] {taskinstance.py:1369} INFO - Starting attempt 1 of 2
[2024-01-08T09:20:00.609+0000] {taskinstance.py:1370} INFO - 
--------------------------------------------------------------------------------
[2024-01-08T09:20:00.616+0000] {taskinstance.py:1389} INFO - Executing <Task(PythonOperator): Data_Cleaning> on 2024-01-08 09:19:57.535563+00:00
[2024-01-08T09:20:00.645+0000] {standard_task_runner.py:52} INFO - Started process 783 to run task
[2024-01-08T09:20:00.648+0000] {standard_task_runner.py:79} INFO - Running: ['***', 'tasks', 'run', 'fetching_cleaning', 'Data_Cleaning', 'manual__2024-01-08T09:19:57.535563+00:00', '--job-id', '14', '--raw', '--subdir', 'DAGS_FOLDER/DAG.py', '--cfg-path', '/tmp/tmpbisktsga', '--error-file', '/tmp/tmpy0zm4xst']
[2024-01-08T09:20:00.650+0000] {standard_task_runner.py:80} INFO - Job 14: Subtask Data_Cleaning
[2024-01-08T09:20:00.695+0000] {task_command.py:371} INFO - Running <TaskInstance: fetching_cleaning.Data_Cleaning manual__2024-01-08T09:19:57.535563+00:00 [running]> on host 13eafc15112b
[2024-01-08T09:20:00.736+0000] {taskinstance.py:1583} INFO - Exporting the following env vars:
AIRFLOW_CTX_DAG_OWNER=saepul
AIRFLOW_CTX_DAG_ID=fetching_cleaning
AIRFLOW_CTX_TASK_ID=Data_Cleaning
AIRFLOW_CTX_EXECUTION_DATE=2024-01-08T09:19:57.535563+00:00
AIRFLOW_CTX_TRY_NUMBER=1
AIRFLOW_CTX_DAG_RUN_ID=manual__2024-01-08T09:19:57.535563+00:00
[2024-01-08T09:20:00.809+0000] {python.py:173} INFO - Done. Returned value was: None
[2024-01-08T09:20:00.818+0000] {taskinstance.py:1412} INFO - Marking task as SUCCESS. dag_id=fetching_cleaning, task_id=Data_Cleaning, execution_date=20240108T091957, start_date=20240108T092000, end_date=20240108T092000
[2024-01-08T09:20:00.829+0000] {local_task_job.py:156} INFO - Task exited with return code 0
[2024-01-08T09:20:00.848+0000] {local_task_job.py:279} INFO - 0 downstream tasks scheduled from follow-on schedule check
