[2024-01-08T08:51:01.722+0000] {taskinstance.py:1171} INFO - Dependencies all met for <TaskInstance: fetching_cleaning.Data_Cleaning manual__2024-01-08T08:50:57.562244+00:00 [queued]>
[2024-01-08T08:51:01.728+0000] {taskinstance.py:1171} INFO - Dependencies all met for <TaskInstance: fetching_cleaning.Data_Cleaning manual__2024-01-08T08:50:57.562244+00:00 [queued]>
[2024-01-08T08:51:01.728+0000] {taskinstance.py:1368} INFO - 
--------------------------------------------------------------------------------
[2024-01-08T08:51:01.728+0000] {taskinstance.py:1369} INFO - Starting attempt 1 of 2
[2024-01-08T08:51:01.728+0000] {taskinstance.py:1370} INFO - 
--------------------------------------------------------------------------------
[2024-01-08T08:51:01.735+0000] {taskinstance.py:1389} INFO - Executing <Task(PythonOperator): Data_Cleaning> on 2024-01-08 08:50:57.562244+00:00
[2024-01-08T08:51:01.752+0000] {standard_task_runner.py:52} INFO - Started process 435 to run task
[2024-01-08T08:51:01.756+0000] {standard_task_runner.py:79} INFO - Running: ['***', 'tasks', 'run', 'fetching_cleaning', 'Data_Cleaning', 'manual__2024-01-08T08:50:57.562244+00:00', '--job-id', '10', '--raw', '--subdir', 'DAGS_FOLDER/DAG.py', '--cfg-path', '/tmp/tmpryh5foqt', '--error-file', '/tmp/tmpn_o_y7qy']
[2024-01-08T08:51:01.757+0000] {standard_task_runner.py:80} INFO - Job 10: Subtask Data_Cleaning
[2024-01-08T08:51:01.831+0000] {task_command.py:371} INFO - Running <TaskInstance: fetching_cleaning.Data_Cleaning manual__2024-01-08T08:50:57.562244+00:00 [running]> on host 13eafc15112b
[2024-01-08T08:51:01.883+0000] {taskinstance.py:1583} INFO - Exporting the following env vars:
AIRFLOW_CTX_DAG_OWNER=saepul
AIRFLOW_CTX_DAG_ID=fetching_cleaning
AIRFLOW_CTX_TASK_ID=Data_Cleaning
AIRFLOW_CTX_EXECUTION_DATE=2024-01-08T08:50:57.562244+00:00
AIRFLOW_CTX_TRY_NUMBER=1
AIRFLOW_CTX_DAG_RUN_ID=manual__2024-01-08T08:50:57.562244+00:00
[2024-01-08T08:51:01.956+0000] {python.py:173} INFO - Done. Returned value was: None
[2024-01-08T08:51:01.965+0000] {taskinstance.py:1412} INFO - Marking task as SUCCESS. dag_id=fetching_cleaning, task_id=Data_Cleaning, execution_date=20240108T085057, start_date=20240108T085101, end_date=20240108T085101
[2024-01-08T08:51:02.011+0000] {local_task_job.py:156} INFO - Task exited with return code 0
[2024-01-08T08:51:02.032+0000] {local_task_job.py:279} INFO - 0 downstream tasks scheduled from follow-on schedule check
